<?xml version="1.0" encoding="utf-8"?><testsuites><testsuite name="pytest" errors="0" failures="0" skipped="0" tests="4" time="0.061" timestamp="2024-10-29T14:49:35.195369+05:30" hostname="DESKTOP-9PG9AK9"><testcase classname="test_demo2.TestClass" name="test_simple_case[1-2]" time="0.001" /><testcase classname="test_demo2.TestClass" name="test_simple_case[3-4]" time="0.001" /><testcase classname="test_demo2.TestClass" name="test_weird_simple_case[1-2]" time="0.001" /><testcase classname="test_demo2.TestClass" name="test_weird_simple_case[3-4]" time="0.000" /></testsuite></testsuites>